CRITICAL - 2023-08-16 03:16:54 --> Call to a member function getRandomName() on null
in APPPATH\Controllers\Admin.php on line 301.
 1 SYSTEMPATH\CodeIgniter.php(934): App\Controllers\Admin->save_gambar()
 2 SYSTEMPATH\CodeIgniter.php(499): CodeIgniter\CodeIgniter->runController(Object(App\Controllers\Admin))
 3 SYSTEMPATH\CodeIgniter.php(368): CodeIgniter\CodeIgniter->handleRequest(null, Object(Config\Cache), false)
 4 FCPATH\index.php(67): CodeIgniter\CodeIgniter->run()
 5 SYSTEMPATH\Commands\Server\rewrite.php(47): require_once('C:\\xampp\\htdocs\\cafe\\public\\index.php')
CRITICAL - 2023-08-16 03:20:04 --> Call to a member function getRandomName() on null
in APPPATH\Controllers\Admin.php on line 301.
 1 SYSTEMPATH\CodeIgniter.php(934): App\Controllers\Admin->save_gambar()
 2 SYSTEMPATH\CodeIgniter.php(499): CodeIgniter\CodeIgniter->runController(Object(App\Controllers\Admin))
 3 SYSTEMPATH\CodeIgniter.php(368): CodeIgniter\CodeIgniter->handleRequest(null, Object(Config\Cache), false)
 4 FCPATH\index.php(67): CodeIgniter\CodeIgniter->run()
 5 SYSTEMPATH\Commands\Server\rewrite.php(47): require_once('C:\\xampp\\htdocs\\cafe\\public\\index.php')
CRITICAL - 2023-08-16 03:22:48 --> Call to a member function getName() on null
in APPPATH\Controllers\Admin.php on line 301.
 1 SYSTEMPATH\CodeIgniter.php(934): App\Controllers\Admin->save_gambar()
 2 SYSTEMPATH\CodeIgniter.php(499): CodeIgniter\CodeIgniter->runController(Object(App\Controllers\Admin))
 3 SYSTEMPATH\CodeIgniter.php(368): CodeIgniter\CodeIgniter->handleRequest(null, Object(Config\Cache), false)
 4 FCPATH\index.php(67): CodeIgniter\CodeIgniter->run()
 5 SYSTEMPATH\Commands\Server\rewrite.php(47): require_once('C:\\xampp\\htdocs\\cafe\\public\\index.php')
CRITICAL - 2023-08-16 03:33:18 --> Call to a member function getRandomName() on null
in APPPATH\Controllers\Admin.php on line 301.
 1 SYSTEMPATH\CodeIgniter.php(934): App\Controllers\Admin->save_gambar()
 2 SYSTEMPATH\CodeIgniter.php(499): CodeIgniter\CodeIgniter->runController(Object(App\Controllers\Admin))
 3 SYSTEMPATH\CodeIgniter.php(368): CodeIgniter\CodeIgniter->handleRequest(null, Object(Config\Cache), false)
 4 FCPATH\index.php(67): CodeIgniter\CodeIgniter->run()
 5 SYSTEMPATH\Commands\Server\rewrite.php(47): require_once('C:\\xampp\\htdocs\\cafe\\public\\index.php')
CRITICAL - 2023-08-16 03:39:26 --> Call to a member function getRandomName() on null
in APPPATH\Controllers\Admin.php on line 301.
 1 SYSTEMPATH\CodeIgniter.php(934): App\Controllers\Admin->save_gambar()
 2 SYSTEMPATH\CodeIgniter.php(499): CodeIgniter\CodeIgniter->runController(Object(App\Controllers\Admin))
 3 SYSTEMPATH\CodeIgniter.php(368): CodeIgniter\CodeIgniter->handleRequest(null, Object(Config\Cache), false)
 4 FCPATH\index.php(67): CodeIgniter\CodeIgniter->run()
 5 SYSTEMPATH\Commands\Server\rewrite.php(47): require_once('C:\\xampp\\htdocs\\cafe\\public\\index.php')
CRITICAL - 2023-08-16 03:41:47 --> Call to a member function getName() on null
in APPPATH\Controllers\Admin.php on line 301.
 1 SYSTEMPATH\CodeIgniter.php(934): App\Controllers\Admin->save_gambar()
 2 SYSTEMPATH\CodeIgniter.php(499): CodeIgniter\CodeIgniter->runController(Object(App\Controllers\Admin))
 3 SYSTEMPATH\CodeIgniter.php(368): CodeIgniter\CodeIgniter->handleRequest(null, Object(Config\Cache), false)
 4 FCPATH\index.php(67): CodeIgniter\CodeIgniter->run()
 5 SYSTEMPATH\Commands\Server\rewrite.php(47): require_once('C:\\xampp\\htdocs\\cafe\\public\\index.php')
CRITICAL - 2023-08-16 04:14:55 --> Call to a member function library() on null
in APPPATH\Controllers\Admin.php on line 27.
 1 SYSTEMPATH\CodeIgniter.php(906): App\Controllers\Admin->__construct()
 2 SYSTEMPATH\CodeIgniter.php(490): CodeIgniter\CodeIgniter->createController()
 3 SYSTEMPATH\CodeIgniter.php(368): CodeIgniter\CodeIgniter->handleRequest(null, Object(Config\Cache), false)
 4 FCPATH\index.php(67): CodeIgniter\CodeIgniter->run()
 5 SYSTEMPATH\Commands\Server\rewrite.php(47): require_once('C:\\xampp\\htdocs\\cafe\\public\\index.php')
CRITICAL - 2023-08-16 14:33:59 --> Undefined variable $validation
in APPPATH\Views\admin\gambar.php on line 237.
 1 APPPATH\Views\admin\gambar.php(237): CodeIgniter\Debug\Exceptions->errorHandler(2, 'Undefined variable $validation', 'C:\\xampp\\htdocs\\cafe\\app\\Views\\admin\\gambar.php', 237)
 2 SYSTEMPATH\View\View.php(213): include('C:\\xampp\\htdocs\\cafe\\app\\Views\\admin\\gambar.php')
 3 SYSTEMPATH\View\View.php(216): CodeIgniter\View\View->CodeIgniter\View\{closure}()
 4 SYSTEMPATH\Common.php(1184): CodeIgniter\View\View->render('admin/gambar', [], true)
 5 APPPATH\Controllers\Admin.php(293): view('admin/gambar', [...])
 6 SYSTEMPATH\CodeIgniter.php(934): App\Controllers\Admin->gambar()
 7 SYSTEMPATH\CodeIgniter.php(499): CodeIgniter\CodeIgniter->runController(Object(App\Controllers\Admin))
 8 SYSTEMPATH\CodeIgniter.php(368): CodeIgniter\CodeIgniter->handleRequest(null, Object(Config\Cache), false)
 9 FCPATH\index.php(67): CodeIgniter\CodeIgniter->run()
10 SYSTEMPATH\Commands\Server\rewrite.php(47): require_once('C:\\xampp\\htdocs\\cafe\\public\\index.php')
CRITICAL - 2023-08-16 14:35:21 --> Undefined variable $validation
in APPPATH\Views\admin\gambar.php on line 237.
 1 APPPATH\Views\admin\gambar.php(237): CodeIgniter\Debug\Exceptions->errorHandler(2, 'Undefined variable $validation', 'C:\\xampp\\htdocs\\cafe\\app\\Views\\admin\\gambar.php', 237)
 2 SYSTEMPATH\View\View.php(213): include('C:\\xampp\\htdocs\\cafe\\app\\Views\\admin\\gambar.php')
 3 SYSTEMPATH\View\View.php(216): CodeIgniter\View\View->CodeIgniter\View\{closure}()
 4 SYSTEMPATH\Common.php(1184): CodeIgniter\View\View->render('admin/gambar', [], true)
 5 APPPATH\Controllers\Admin.php(293): view('admin/gambar', [...])
 6 SYSTEMPATH\CodeIgniter.php(934): App\Controllers\Admin->gambar()
 7 SYSTEMPATH\CodeIgniter.php(499): CodeIgniter\CodeIgniter->runController(Object(App\Controllers\Admin))
 8 SYSTEMPATH\CodeIgniter.php(368): CodeIgniter\CodeIgniter->handleRequest(null, Object(Config\Cache), false)
 9 FCPATH\index.php(67): CodeIgniter\CodeIgniter->run()
10 SYSTEMPATH\Commands\Server\rewrite.php(47): require_once('C:\\xampp\\htdocs\\cafe\\public\\index.php')
CRITICAL - 2023-08-16 14:39:05 --> Undefined variable $validation
in APPPATH\Views\admin\gambar.php on line 237.
 1 APPPATH\Views\admin\gambar.php(237): CodeIgniter\Debug\Exceptions->errorHandler(2, 'Undefined variable $validation', 'C:\\xampp\\htdocs\\cafe\\app\\Views\\admin\\gambar.php', 237)
 2 SYSTEMPATH\View\View.php(213): include('C:\\xampp\\htdocs\\cafe\\app\\Views\\admin\\gambar.php')
 3 SYSTEMPATH\View\View.php(216): CodeIgniter\View\View->CodeIgniter\View\{closure}()
 4 SYSTEMPATH\Common.php(1184): CodeIgniter\View\View->render('admin/gambar', [], true)
 5 APPPATH\Controllers\Admin.php(293): view('admin/gambar', [...])
 6 SYSTEMPATH\CodeIgniter.php(934): App\Controllers\Admin->gambar()
 7 SYSTEMPATH\CodeIgniter.php(499): CodeIgniter\CodeIgniter->runController(Object(App\Controllers\Admin))
 8 SYSTEMPATH\CodeIgniter.php(368): CodeIgniter\CodeIgniter->handleRequest(null, Object(Config\Cache), false)
 9 FCPATH\index.php(67): CodeIgniter\CodeIgniter->run()
10 SYSTEMPATH\Commands\Server\rewrite.php(47): require_once('C:\\xampp\\htdocs\\cafe\\public\\index.php')
CRITICAL - 2023-08-16 14:39:16 --> Undefined variable $validation
in APPPATH\Views\admin\gambar.php on line 237.
 1 APPPATH\Views\admin\gambar.php(237): CodeIgniter\Debug\Exceptions->errorHandler(2, 'Undefined variable $validation', 'C:\\xampp\\htdocs\\cafe\\app\\Views\\admin\\gambar.php', 237)
 2 SYSTEMPATH\View\View.php(213): include('C:\\xampp\\htdocs\\cafe\\app\\Views\\admin\\gambar.php')
 3 SYSTEMPATH\View\View.php(216): CodeIgniter\View\View->CodeIgniter\View\{closure}()
 4 SYSTEMPATH\Common.php(1184): CodeIgniter\View\View->render('admin/gambar', [], true)
 5 APPPATH\Controllers\Admin.php(293): view('admin/gambar', [...])
 6 SYSTEMPATH\CodeIgniter.php(934): App\Controllers\Admin->gambar()
 7 SYSTEMPATH\CodeIgniter.php(499): CodeIgniter\CodeIgniter->runController(Object(App\Controllers\Admin))
 8 SYSTEMPATH\CodeIgniter.php(368): CodeIgniter\CodeIgniter->handleRequest(null, Object(Config\Cache), false)
 9 FCPATH\index.php(67): CodeIgniter\CodeIgniter->run()
10 SYSTEMPATH\Commands\Server\rewrite.php(47): require_once('C:\\xampp\\htdocs\\cafe\\public\\index.php')
CRITICAL - 2023-08-16 14:39:17 --> Undefined variable $validation
in APPPATH\Views\admin\gambar.php on line 237.
 1 APPPATH\Views\admin\gambar.php(237): CodeIgniter\Debug\Exceptions->errorHandler(2, 'Undefined variable $validation', 'C:\\xampp\\htdocs\\cafe\\app\\Views\\admin\\gambar.php', 237)
 2 SYSTEMPATH\View\View.php(213): include('C:\\xampp\\htdocs\\cafe\\app\\Views\\admin\\gambar.php')
 3 SYSTEMPATH\View\View.php(216): CodeIgniter\View\View->CodeIgniter\View\{closure}()
 4 SYSTEMPATH\Common.php(1184): CodeIgniter\View\View->render('admin/gambar', [], true)
 5 APPPATH\Controllers\Admin.php(293): view('admin/gambar', [...])
 6 SYSTEMPATH\CodeIgniter.php(934): App\Controllers\Admin->gambar()
 7 SYSTEMPATH\CodeIgniter.php(499): CodeIgniter\CodeIgniter->runController(Object(App\Controllers\Admin))
 8 SYSTEMPATH\CodeIgniter.php(368): CodeIgniter\CodeIgniter->handleRequest(null, Object(Config\Cache), false)
 9 FCPATH\index.php(67): CodeIgniter\CodeIgniter->run()
10 SYSTEMPATH\Commands\Server\rewrite.php(47): require_once('C:\\xampp\\htdocs\\cafe\\public\\index.php')
CRITICAL - 2023-08-16 14:41:38 --> Undefined variable $validation
in APPPATH\Views\admin\gambar.php on line 239.
 1 APPPATH\Views\admin\gambar.php(239): CodeIgniter\Debug\Exceptions->errorHandler(2, 'Undefined variable $validation', 'C:\\xampp\\htdocs\\cafe\\app\\Views\\admin\\gambar.php', 239)
 2 SYSTEMPATH\View\View.php(213): include('C:\\xampp\\htdocs\\cafe\\app\\Views\\admin\\gambar.php')
 3 SYSTEMPATH\View\View.php(216): CodeIgniter\View\View->CodeIgniter\View\{closure}()
 4 SYSTEMPATH\Common.php(1184): CodeIgniter\View\View->render('admin/gambar', [], true)
 5 APPPATH\Controllers\Admin.php(293): view('admin/gambar', [...])
 6 SYSTEMPATH\CodeIgniter.php(934): App\Controllers\Admin->gambar()
 7 SYSTEMPATH\CodeIgniter.php(499): CodeIgniter\CodeIgniter->runController(Object(App\Controllers\Admin))
 8 SYSTEMPATH\CodeIgniter.php(368): CodeIgniter\CodeIgniter->handleRequest(null, Object(Config\Cache), false)
 9 FCPATH\index.php(67): CodeIgniter\CodeIgniter->run()
10 SYSTEMPATH\Commands\Server\rewrite.php(47): require_once('C:\\xampp\\htdocs\\cafe\\public\\index.php')
CRITICAL - 2023-08-16 15:44:18 --> Call to a member function getRandomName() on null
in APPPATH\Controllers\Admin.php on line 299.
 1 SYSTEMPATH\CodeIgniter.php(934): App\Controllers\Admin->save_gambar()
 2 SYSTEMPATH\CodeIgniter.php(499): CodeIgniter\CodeIgniter->runController(Object(App\Controllers\Admin))
 3 SYSTEMPATH\CodeIgniter.php(368): CodeIgniter\CodeIgniter->handleRequest(null, Object(Config\Cache), false)
 4 FCPATH\index.php(67): CodeIgniter\CodeIgniter->run()
 5 SYSTEMPATH\Commands\Server\rewrite.php(47): require_once('C:\\xampp\\htdocs\\cafe\\public\\index.php')
